app/build/outputs/logs/manifest-merger-debug-report.txt
-- Merging decision tree log ---
manifest
ADDED from src/main/AndroidManifest.xml:2:1-60:12
	android:configChanges
		ADDED from src/main/AndroidManifest.xml:7:2-37
	xmlns:tools
		ADDED from src/main/AndroidManifest.xml:3:2-48
	xmlns:android
		ADDED from src/main/AndroidManifest.xml:2:11-69
	package
		ADDED from src/main/AndroidManifest.xml:4:2-40
		INJECTED from src/main/AndroidManifest.xml
		INJECTED from src/main/AndroidManifest.xml
	android:versionName
		ADDED from src/main/AndroidManifest.xml:6:2-29
	android:versionCode
		ADDED from src/main/AndroidManifest.xml:5:2-27
		INJECTED from src/main/AndroidManifest.xml
		INJECTED from src/main/AndroidManifest.xml
uses-sdk
ADDED from src/main/AndroidManifest.xml:10:2-13:42
MERGED from [com.android.support:support-v4:23.2.0] AndroidManifest.xml:20:5-43
	android:targetSdkVersion
		ADDED from src/main/AndroidManifest.xml:13:9-39
		INJECTED from src/main/AndroidManifest.xml
		INJECTED from src/main/AndroidManifest.xml
	android:minSdkVersion
		ADDED from src/main/AndroidManifest.xml:12:9-35
		INJECTED from src/main/AndroidManifest.xml
		INJECTED from src/main/AndroidManifest.xml
	tools:node
		ADDED from src/main/AndroidManifest.xml:11:9-27
uses-permission#android.permission.INTERNET
ADDED from src/main/AndroidManifest.xml:15:2-64
	android:name
		ADDED from src/main/AndroidManifest.xml:15:19-61
uses-permission#android.permission.WRITE_EXTERNAL_STORAGE
ADDED from src/main/AndroidManifest.xml:16:3-79
	android:name
		ADDED from src/main/AndroidManifest.xml:16:20-76
uses-permission#android.permission.CAPTURE_VIDEO_OUTPUT
ADDED from src/main/AndroidManifest.xml:17:3-77
	android:name
		ADDED from src/main/AndroidManifest.xml:17:20-74
uses-permission#android.permission.ACCESS_WIFI_STATE
ADDED from src/main/AndroidManifest.xml:18:2-73
	android:name
		ADDED from src/main/AndroidManifest.xml:18:19-70
application
ADDED from src/main/AndroidManifest.xml:22:2-59:16
MERGED from [com.android.support:support-v4:23.2.0] AndroidManifest.xml:22:5-20
	android:label
		ADDED from src/main/AndroidManifest.xml:25:3-35
	android:allowBackup
		ADDED from src/main/AndroidManifest.xml:23:3-29
	android:icon
		ADDED from src/main/AndroidManifest.xml:24:3-35
	android:theme
		ADDED from src/main/AndroidManifest.xml:26:3-34
activity#com.acceleratedio.pac_n_zoom.PickAnmActivity
ADDED from src/main/AndroidManifest.xml:28:3-31:48
	android:windowSoftInputMode
		ADDED from src/main/AndroidManifest.xml:31:4-45
	android:theme
		ADDED from src/main/AndroidManifest.xml:30:4-51
	android:name
		ADDED from src/main/AndroidManifest.xml:29:4-63
activity#com.acceleratedio.pac_n_zoom.FindTagsActivity
ADDED from src/main/AndroidManifest.xml:34:5-38:5
	android:windowSoftInputMode
		ADDED from src/main/AndroidManifest.xml:37:4-45
	android:theme
		ADDED from src/main/AndroidManifest.xml:36:4-51
	android:name
		ADDED from src/main/AndroidManifest.xml:35:4-64
activity#com.acceleratedio.pac_n_zoom.SaveAnmActivity
ADDED from src/main/AndroidManifest.xml:40:3-45:5
	android:windowSoftInputMode
		ADDED from src/main/AndroidManifest.xml:43:4-45
	android:noHistory
		ADDED from src/main/AndroidManifest.xml:44:4-28
	android:theme
		ADDED from src/main/AndroidManifest.xml:42:4-51
	android:name
		ADDED from src/main/AndroidManifest.xml:41:4-63
activity#com.acceleratedio.pac_n_zoom.SelectImageActivity
ADDED from src/main/AndroidManifest.xml:47:3-55:14
	android:label
		ADDED from src/main/AndroidManifest.xml:49:4-36
	android:name
		ADDED from src/main/AndroidManifest.xml:48:4-67
intent-filter#android.intent.action.MAIN+android.intent.category.LAUNCHER
ADDED from src/main/AndroidManifest.xml:50:4-54:20
action#android.intent.action.MAIN
ADDED from src/main/AndroidManifest.xml:51:5-57
	android:name
		ADDED from src/main/AndroidManifest.xml:51:13-54
category#android.intent.category.LAUNCHER
ADDED from src/main/AndroidManifest.xml:53:5-65
	android:name
		ADDED from src/main/AndroidManifest.xml:53:15-62
activity#com.acceleratedio.pac_n_zoom.AnimActivity
ADDED from src/main/AndroidManifest.xml:57:5-83
	android:name
		ADDED from src/main/AndroidManifest.xml:57:15-71
activity#com.acceleratedio.pac_n_zoom.ViewVideos
ADDED from src/main/AndroidManifest.xml:58:5-81
	android:name
		ADDED from src/main/AndroidManifest.xml:58:15-69